# JRE version: 7.0_11-b21
# Java VM: Java HotSpot(TM) 64-Bit Server VM (23.6-b04 mixed mode windows-amd64 compressed oops)
Heap
 PSYoungGen      total 60096K, used 38811K [0x00000007b8000000, 0x00000007bbe10000, 0x0000000800000000)
  eden space 57024K, 67% used [0x00000007b8000000,0x00000007ba56ed48,0x00000007bb7b0000)
  from space 3072K, 15% used [0x00000007bbb10000,0x00000007bbb88000,0x00000007bbe10000)
  to   space 3264K, 0% used [0x00000007bb7b0000,0x00000007bb7b0000,0x00000007bbae0000)
 ParOldGen       total 475072K, used 397671K [0x00000006e0000000, 0x00000006fcff0000, 0x00000007b8000000)
  object space 475072K, 83% used [0x00000006e0000000,0x00000006f8459fc8,0x00000006fcff0000)
 PSPermGen       total 92160K, used 87951K [0x00000006d8000000, 0x00000006dda00000, 0x00000006e0000000)
  object space 92160K, 95% used [0x00000006d8000000,0x00000006dd5e3dc0,0x00000006dda00000)
GC Heap History (10 events):
Event: 706857.464 GC heap before
{Heap before GC invocations=6415 (full 27):
 PSYoungGen      total 36480K, used 35744K [0x00000007b8000000, 0x00000007bac20000, 0x0000000800000000)
  eden space 34752K, 100% used [0x00000007b8000000,0x00000007ba1f0000,0x00000007ba1f0000)
  from space 1728K, 57% used [0x00000007ba1f0000,0x00000007ba2e8000,0x00000007ba3a0000)
  to   space 1792K, 0% used [0x00000007baa60000,0x00000007baa60000,0x00000007bac20000)
 ParOldGen       total 475072K, used 390163K [0x00000006e0000000, 0x00000006fcff0000, 0x00000007b8000000)
  object space 475072K, 82% used [0x00000006e0000000,0x00000006f7d04d20,0x00000006fcff0000)
 PSPermGen       total 92160K, used 87744K [0x00000006d8000000, 0x00000006dda00000, 0x00000006e0000000)
  object space 92160K, 95% used [0x00000006d8000000,0x00000006dd5b0290,0x00000006dda00000)
Event: 706857.472 GC heap after
Heap after GC invocations=6415 (full 27):
 PSYoungGen      total 42304K, used 1792K [0x00000007b8000000, 0x00000007bae50000, 0x0000000800000000)
  eden space 40512K, 0% used [0x00000007b8000000,0x00000007b8000000,0x00000007ba790000)
  from space 1792K, 100% used [0x00000007baa60000,0x00000007bac20000,0x00000007bac20000)
  to   space 2880K, 0% used [0x00000007ba790000,0x00000007ba790000,0x00000007baa60000)
 ParOldGen       total 475072K, used 392228K [0x00000006e0000000, 0x00000006fcff0000, 0x00000007b8000000)
  object space 475072K, 82% used [0x00000006e0000000,0x00000006f7f093f0,0x00000006fcff0000)
 PSPermGen       total 92160K, used 87744K [0x00000006d8000000, 0x00000006dda00000, 0x00000006e0000000)
  object space 92160K, 95% used [0x00000006d8000000,0x00000006dd5b0290,0x00000006dda00000)
}
Event: 706863.225 GC heap before
{Heap before GC invocations=6416 (full 27):
 PSYoungGen      total 42304K, used 42304K [0x00000007b8000000, 0x00000007bae50000, 0x0000000800000000)
  eden space 40512K, 100% used [0x00000007b8000000,0x00000007ba790000,0x00000007ba790000)
  from space 1792K, 100% used [0x00000007baa60000,0x00000007bac20000,0x00000007bac20000)
  to   space 2880K, 0% used [0x00000007ba790000,0x00000007ba790000,0x00000007baa60000)
 ParOldGen       total 475072K, used 392228K [0x00000006e0000000, 0x00000006fcff0000, 0x00000007b8000000)
  object space 475072K, 82% used [0x00000006e0000000,0x00000006f7f093f0,0x00000006fcff0000)
 PSPermGen       total 92160K, used 87744K [0x00000006d8000000, 0x00000006dda00000, 0x00000006e0000000)
  object space 92160K, 95% used [0x00000006d8000000,0x00000006dd5b0290,0x00000006dda00000)
Event: 706863.231 GC heap after
Heap after GC invocations=6416 (full 27):
 PSYoungGen      total 43392K, used 768K [0x00000007b8000000, 0x00000007bb4a0000, 0x0000000800000000)
  eden space 40512K, 0% used [0x00000007b8000000,0x00000007b8000000,0x00000007ba790000)
  from space 2880K, 26% used [0x00000007ba790000,0x00000007ba850000,0x00000007baa60000)
  to   space 2688K, 0% used [0x00000007bb200000,0x00000007bb200000,0x00000007bb4a0000)
 ParOldGen       total 475072K, used 393996K [0x00000006e0000000, 0x00000006fcff0000, 0x00000007b8000000)
  object space 475072K, 82% used [0x00000006e0000000,0x00000006f80c33f0,0x00000006fcff0000)
 PSPermGen       total 92160K, used 87744K [0x00000006d8000000, 0x00000006dda00000, 0x00000006e0000000)
  object space 92160K, 95% used [0x00000006d8000000,0x00000006dd5b0290,0x00000006dda00000)
}
Event: 706863.395 GC heap before
{Heap before GC invocations=6417 (full 27):
 PSYoungGen      total 43392K, used 41280K [0x00000007b8000000, 0x00000007bb4a0000, 0x0000000800000000)
  eden space 40512K, 100% used [0x00000007b8000000,0x00000007ba790000,0x00000007ba790000)
  from space 2880K, 26% used [0x00000007ba790000,0x00000007ba850000,0x00000007baa60000)
  to   space 2688K, 0% used [0x00000007bb200000,0x00000007bb200000,0x00000007bb4a0000)
 ParOldGen       total 475072K, used 393996K [0x00000006e0000000, 0x00000006fcff0000, 0x00000007b8000000)
  object space 475072K, 82% used [0x00000006e0000000,0x00000006f80c33f0,0x00000006fcff0000)
 PSPermGen       total 92160K, used 87744K [0x00000006d8000000, 0x00000006dda00000, 0x00000006e0000000)
  object space 92160K, 95% used [0x00000006d8000000,0x00000006dd5b0290,0x00000006dda00000)
Event: 706863.402 GC heap after
Heap after GC invocations=6417 (full 27):
 PSYoungGen      total 50368K, used 2688K [0x00000007b8000000, 0x00000007bb650000, 0x0000000800000000)
  eden space 47680K, 0% used [0x00000007b8000000,0x00000007b8000000,0x00000007bae90000)
  from space 2688K, 100% used [0x00000007bb200000,0x00000007bb4a0000,0x00000007bb4a0000)
  to   space 3520K, 0% used [0x00000007bae90000,0x00000007bae90000,0x00000007bb200000)
 ParOldGen       total 475072K, used 394866K [0x00000006e0000000, 0x00000006fcff0000, 0x00000007b8000000)
  object space 475072K, 83% used [0x00000006e0000000,0x00000006f819c900,0x00000006fcff0000)
 PSPermGen       total 92160K, used 87744K [0x00000006d8000000, 0x00000006dda00000, 0x00000006e0000000)
  object space 92160K, 95% used [0x00000006d8000000,0x00000006dd5b0290,0x00000006dda00000)
}
Event: 706875.698 GC heap before
{Heap before GC invocations=6418 (full 27):
 PSYoungGen      total 50368K, used 50368K [0x00000007b8000000, 0x00000007bb650000, 0x0000000800000000)
  eden space 47680K, 100% used [0x00000007b8000000,0x00000007bae90000,0x00000007bae90000)
  from space 2688K, 100% used [0x00000007bb200000,0x00000007bb4a0000,0x00000007bb4a0000)
  to   space 3520K, 0% used [0x00000007bae90000,0x00000007bae90000,0x00000007bb200000)
 ParOldGen       total 475072K, used 394866K [0x00000006e0000000, 0x00000006fcff0000, 0x00000007b8000000)
  object space 475072K, 83% used [0x00000006e0000000,0x00000006f819c900,0x00000006fcff0000)
 PSPermGen       total 92160K, used 87744K [0x00000006d8000000, 0x00000006dda00000, 0x00000006e0000000)
  object space 92160K, 95% used [0x00000006d8000000,0x00000006dd5b0290,0x00000006dda00000)
Event: 706875.705 GC heap after
Heap after GC invocations=6418 (full 27):
 PSYoungGen      total 51200K, used 512K [0x00000007b8000000, 0x00000007bbe60000, 0x0000000800000000)
  eden space 47680K, 0% used [0x00000007b8000000,0x00000007b8000000,0x00000007bae90000)
  from space 3520K, 14% used [0x00000007bae90000,0x00000007baf10000,0x00000007bb200000)
  to   space 3392K, 0% used [0x00000007bbb10000,0x00000007bbb10000,0x00000007bbe60000)
 ParOldGen       total 475072K, used 397474K [0x00000006e0000000, 0x00000006fcff0000, 0x00000007b8000000)
  object space 475072K, 83% used [0x00000006e0000000,0x00000006f8428900,0x00000006fcff0000)
 PSPermGen       total 92160K, used 87744K [0x00000006d8000000, 0x00000006dda00000, 0x00000006e0000000)
  object space 92160K, 95% used [0x00000006d8000000,0x00000006dd5b0290,0x00000006dda00000)
}
Event: 706881.646 GC heap before
{Heap before GC invocations=6419 (full 27):
 PSYoungGen      total 51200K, used 48192K [0x00000007b8000000, 0x00000007bbe60000, 0x0000000800000000)
  eden space 47680K, 100% used [0x00000007b8000000,0x00000007bae90000,0x00000007bae90000)
  from space 3520K, 14% used [0x00000007bae90000,0x00000007baf10000,0x00000007bb200000)
  to   space 3392K, 0% used [0x00000007bbb10000,0x00000007bbb10000,0x00000007bbe60000)
 ParOldGen       total 475072K, used 397474K [0x00000006e0000000, 0x00000006fcff0000, 0x00000007b8000000)
  object space 475072K, 83% used [0x00000006e0000000,0x00000006f8428900,0x00000006fcff0000)
 PSPermGen       total 92160K, used 87744K [0x00000006d8000000, 0x00000006dda00000, 0x00000006e0000000)
  object space 92160K, 95% used [0x00000006d8000000,0x00000006dd5b0290,0x00000006dda00000)
Event: 706881.650 GC heap after
Heap after GC invocations=6419 (full 27):
 PSYoungGen      total 60096K, used 480K [0x00000007b8000000, 0x00000007bbe10000, 0x0000000800000000)
  eden space 57024K, 0% used [0x00000007b8000000,0x00000007b8000000,0x00000007bb7b0000)
  from space 3072K, 15% used [0x00000007bbb10000,0x00000007bbb88000,0x00000007bbe10000)
  to   space 3264K, 0% used [0x00000007bb7b0000,0x00000007bb7b0000,0x00000007bbae0000)
 ParOldGen       total 475072K, used 397671K [0x00000006e0000000, 0x00000006fcff0000, 0x00000007b8000000)
  object space 475072K, 83% used [0x00000006e0000000,0x00000006f8459fc8,0x00000006fcff0000)
 PSPermGen       total 92160K, used 87744K [0x00000006d8000000, 0x00000006dda00000, 0x00000006e0000000)
  object space 92160K, 95% used [0x00000006d8000000,0x00000006dd5b0290,0x00000006dda00000)
}

